<?xml version="1.0" encoding="UTF-8"?>
<!-- Generated by org.testng.reporters.JUnitXMLReporter -->
<testsuite ignored="2" hostname="LAPTOP-JK7K9216" failures="0" tests="1" name="Default test" time="7.695" errors="0" timestamp="2024-06-16T15:28:30 EDT">
  <testcase classname="guru99_Bank.LoginPage_Script" name="TC_001" time="1.666"/>
  <testcase classname="guru99_Bank.LoginPage_Script" name="TC_003" time="0.0">
    <ignored/>
  </testcase> <!-- TC_003 -->
  <testcase classname="guru99_Bank.LoginPage_Script" name="TC_002" time="0.0">
    <ignored/>
  </testcase> <!-- TC_002 -->
</testsuite> <!-- Default test -->
