<?xml version="1.0" encoding="UTF-8"?>
<testng-results ignored="2" total="3" passed="1" failed="0" skipped="0">
  <reporter-output>
  </reporter-output>
  <suite started-at="2024-06-16T15:28:22 EDT" name="Default suite" finished-at="2024-06-16T15:28:30 EDT" duration-ms="7695">
    <groups>
    </groups>
    <test started-at="2024-06-16T15:28:22 EDT" name="Default test" finished-at="2024-06-16T15:28:30 EDT" duration-ms="7695">
      <class name="guru99_Bank.LoginPage_Script">
        <test-method is-config="true" signature="Setup()[pri:0, instance:guru99_Bank.LoginPage_Script@611889f4]" started-at="2024-06-16T15:28:22 EDT" name="Setup" finished-at="2024-06-16T15:28:22 EDT" duration-ms="204" status="PASS">
          <reporter-output>
          </reporter-output>
        </test-method> <!-- Setup -->
        <test-method is-config="true" signature="initialization()[pri:0, instance:guru99_Bank.LoginPage_Script@611889f4]" started-at="2024-06-16T15:28:22 EDT" name="initialization" finished-at="2024-06-16T15:28:26 EDT" duration-ms="3849" status="PASS">
          <reporter-output>
          </reporter-output>
        </test-method> <!-- initialization -->
        <test-method signature="TC_001()[pri:0, instance:guru99_Bank.LoginPage_Script@611889f4]" started-at="2024-06-16T15:28:26 EDT" name="TC_001" finished-at="2024-06-16T15:28:28 EDT" duration-ms="1666" status="PASS">
          <reporter-output>
          </reporter-output>
        </test-method> <!-- TC_001 -->
        <test-method is-config="true" signature="Teardown(org.testng.ITestResult)[pri:0, instance:guru99_Bank.LoginPage_Script@611889f4]" started-at="2024-06-16T15:28:28 EDT" name="Teardown" finished-at="2024-06-16T15:28:29 EDT" duration-ms="1469" status="PASS">
          <params>
            <param index="0">
              <value>
                <![CDATA[[TestResult name=TC_001 status=SUCCESS method=LoginPage_Script.TC_001()[pri:0, instance:guru99_Bank.LoginPage_Script@611889f4] output={null}]]]>
              </value>
            </param>
          </params>
          <reporter-output>
          </reporter-output>
        </test-method> <!-- Teardown -->
        <test-method is-config="true" signature="OpenReport()[pri:0, instance:guru99_Bank.LoginPage_Script@611889f4]" started-at="2024-06-16T15:28:29 EDT" name="OpenReport" finished-at="2024-06-16T15:28:30 EDT" duration-ms="481" status="PASS">
          <reporter-output>
          </reporter-output>
        </test-method> <!-- OpenReport -->
      </class> <!-- guru99_Bank.LoginPage_Script -->
    </test> <!-- Default test -->
  </suite> <!-- Default suite -->
</testng-results>
